#time    x         y        theta    v        omega    dest_v      dest_omega 
0.009998 -0.094400 0.000000 0.000000 9.445000 0.000000 1500.000000 0.000000 #map
0.020000 -0.094400 0.000000 0.000000 0.000000 0.000000 1500.000000 0.000000 #map
0.029999 -0.094400 0.000000 0.000000 0.000000 0.000000 1500.000000 0.000000 #map
0.040001 -0.094400 0.000000 0.000000 0.000000 0.000000 1500.000000 0.000000 #map
0.049999 -0.094400 0.000000 0.000000 0.000000 0.000000 1500.000000 0.000000 #map
0.059998 -0.094400 0.000000 0.000000 0.000000 0.000000 1500.000000 0.000000 #map
0.070000 -0.094500 -0.186900 0.000000 18.699700 0.000000 1500.000000 0.000000 #map
0.079998 0.027700 -0.399400 0.001000 24.518000 0.102100 1500.000000 -0.009000 #map
0.090000 0.558500 -0.705100 0.002600 61.254200 0.161100 1500.000000 -0.014500 #map
0.099998 1.398700 -1.224700 0.003600 98.788300 0.083700 1500.000000 -0.017100 #map
0.110001 2.513200 -1.866500 0.004800 128.595900 0.123400 1500.000000 -0.019800 #map
0.119999 4.246600 -2.394000 0.006700 181.183800 0.192500 1500.000000 -0.023500 #map
0.130001 6.497400 -2.835100 0.008100 229.346500 0.124500 1500.000000 -0.025900 #map
0.139999 9.026700 -3.274900 0.009300 256.709700 0.121900 1500.000000 -0.027800 #map
0.149998 11.960500 -3.616300 0.011100 295.335100 0.179100 1500.000000 -0.030500 #map
0.160000 15.035000 -3.938800 0.013600 309.116000 0.245300 1500.000000 -0.034000 #map
0.169998 18.557200 -4.289000 0.016400 353.933200 0.277500 1500.000000 -0.037600 #map
0.180000 22.677500 -4.478100 0.018900 412.445600 0.248600 1500.000000 -0.040500 #map
0.189999 27.364100 -4.601500 0.020500 468.776500 0.159500 1500.000000 -0.042400 #map
0.200001 32.442100 -4.486100 0.021700 507.904100 0.123600 1500.000000 -0.043700 #map
0.209999 37.777400 -4.305900 0.023300 533.789400 0.156500 1500.000000 -0.045400 #map
0.219997 43.558300 -3.958400 0.025200 579.102100 0.190400 1500.000000 -0.047400 #map
0.230000 49.643000 -3.648900 0.026700 609.209000 0.155100 1500.000000 -0.049000 #map
0.239998 55.982700 -3.513400 0.027600 634.069500 0.095000 1500.000000 -0.049900 #map
0.250000 62.767200 -3.262800 0.028000 678.869200 0.038900 1500.000000 -0.050300 #map
0.259998 69.970700 -3.038900 0.028100 720.662900 0.013400 1500.000000 -0.050400 #map
0.270000 77.427100 -2.735100 0.028100 746.209900 0.000000 1500.000000 -0.050400 #map
0.279999 85.198200 -2.471800 0.027800 777.489100 -0.030400 1500.000000 -0.050100 #map
0.290001 92.987200 -2.387300 0.027600 778.903100 -0.024200 1500.000000 -0.049900 #map
0.299999 101.018100 -2.352300 0.027600 803.038700 0.000000 1500.000000 -0.049900 #map
0.309998 109.509800 -2.291700 0.027100 849.128700 -0.049700 1500.000000 -0.049400 #map
0.320000 118.141000 -2.174600 0.026400 863.141200 -0.072200 1500.000000 -0.048700 #map
0.329998 127.013600 -2.090300 0.025500 887.242100 -0.092400 1500.000000 -0.047800 #map
0.340000 136.176100 -2.023200 0.025000 916.210100 -0.045000 1500.000000 -0.047200 #map
0.349998 145.319800 -2.187900 0.024900 914.451000 -0.012000 1500.000000 -0.047100 #map
0.360001 154.867400 -2.301400 0.024500 954.764600 -0.043700 1500.000000 -0.046700 #map
0.369999 164.712100 -2.284600 0.023700 984.404700 -0.080200 1500.000000 -0.045900 #map
0.380001 174.764300 -2.351400 0.023000 1005.168600 -0.072300 1500.000000 -0.045100 #map
0.389999 185.115600 -2.406400 0.022400 1035.072900 -0.064700 1500.000000 -0.044500 #map
0.399998 195.646800 -2.471000 0.021700 1053.061500 -0.069000 1500.000000 -0.043700 #map
0.410000 206.470800 -2.624300 0.021000 1082.433700 -0.065400 1500.000000 -0.042900 #map
0.419998 217.535100 -2.644100 0.020600 1106.368800 -0.039700 1500.000000 -0.042500 #map
0.430000 228.810700 -2.815700 0.019800 1127.605100 -0.075200 1500.000000 -0.041600 #map
0.439999 240.068000 -2.820400 0.019000 1125.651500 -0.082100 1500.000000 -0.040700 #map
0.450001 251.609300 -3.208000 0.018100 1154.693700 -0.085100 1500.000000 -0.039600 #map
0.459999 263.316400 -3.335800 0.017200 1170.706900 -0.093600 1500.000000 -0.038500 #map
0.469997 275.291000 -3.577300 0.016200 1197.617900 -0.101900 1500.000000 -0.037300 #map
0.480000 287.390400 -3.500200 0.014900 1209.881000 -0.129500 1500.000000 -0.035700 #map
0.489998 299.595500 -3.901500 0.013600 1221.083000 -0.127400 1500.000000 -0.034000 #map
0.500000 311.865200 -3.888500 0.012700 1226.897800 -0.094000 1500.000000 -0.032800 #map
0.509998 324.743100 -4.036000 0.011900 1287.780000 -0.075400 1500.000000 -0.031700 #map
0.520000 337.267500 -4.367100 0.011300 1252.793100 -0.064800 1500.000000 -0.030800 #map
0.529999 350.096800 -4.476600 0.010300 1282.897000 -0.097900 1500.000000 -0.029400 #map
0.540001 363.382300 -4.606800 0.009200 1328.520800 -0.105500 1500.000000 -0.027700 #map
0.549999 376.633900 -5.060000 0.008000 1325.855300 -0.122600 1500.000000 -0.025800 #map
0.559998 390.070700 -5.154500 0.006800 1343.620400 -0.122800 1500.000000 -0.023700 #map
0.570000 403.872700 -5.387000 0.006000 1380.310200 -0.084500 1500.000000 -0.022200 #map
0.579998 417.611600 -5.700900 0.005300 1374.140500 -0.069900 1500.000000 -0.020800 #map
0.590000 431.377100 -6.003300 0.004700 1376.789700 -0.057200 1500.000000 -0.019600 #map
0.599998 445.446300 -6.182300 0.003800 1406.939900 -0.091700 1500.000000 -0.017600 #map
0.610001 459.345100 -6.453900 0.003000 1390.048000 -0.083100 1500.000000 -0.015600 #map
0.619999 473.637200 -6.630100 0.002200 1429.226800 -0.075500 1500.000000 -0.013300 #map
0.630001 487.853900 -6.427700 0.001500 1421.724200 -0.066100 1500.000000 -0.011000 #map
0.639999 502.096100 -6.870100 0.001000 1424.810200 -0.054600 1500.000000 -0.009000 #map
0.649998 516.770400 -6.789800 0.000300 1467.341800 -0.073300 1500.000000 -0.004900 #map
0.660000 531.363800 -6.876900 -0.000800 1459.272800 -0.111400 1500.000000 0.008000 #map
0.669998 546.111100 -7.120900 -0.001700 1474.832600 -0.083200 1500.000000 0.011700 #map
0.680000 560.882600 -7.377900 -0.002000 1477.277800 -0.027200 1500.000000 0.012700 #map
0.689999 575.722800 -7.752500 -0.002400 1484.388300 -0.039200 1500.000000 0.013900 #map
0.700001 590.899000 -7.886400 -0.003000 1517.575200 -0.059100 1500.000000 0.015600 #map
0.709999 605.852600 -7.961300 -0.003800 1495.286000 -0.075000 1500.000000 0.017600 #map
0.719997 620.737100 -8.493500 -0.004400 1489.305400 -0.062200 1500.000000 0.018900 #map
0.730000 635.675700 -8.247500 -0.004800 1493.959600 -0.038300 1500.000000 0.019800 #map
0.739998 650.715700 -8.374900 -0.005100 1503.948500 -0.034200 1500.000000 0.020400 #map
0.750000 665.402000 -8.393900 -0.005300 1468.529300 -0.023100 1500.000000 0.020800 #map
0.759998 680.373100 -8.509700 -0.005500 1497.061400 -0.022100 1500.000000 0.021200 #map
0.770000 695.171000 -8.708600 -0.005600 1479.825100 -0.014500 1500.000000 0.021400 #map
0.779999 710.274500 -8.874600 -0.006100 1510.324500 -0.048700 1500.000000 0.022400 #map
0.790001 725.489500 -9.221300 -0.006500 1521.796100 -0.040100 1500.000000 0.023100 #map
0.799999 740.696500 -9.320800 -0.006500 1520.637300 0.000000 1500.000000 0.023100 #map
0.809998 755.948800 -9.385400 -0.006300 1525.140100 0.021200 1500.000000 0.022800 #map
0.820000 770.876200 -9.496600 -0.005800 1492.694300 0.046400 1500.000000 0.021800 #map
0.829998 786.156200 -9.529500 -0.005500 1527.890600 0.034200 1500.000000 0.021200 #map
0.840000 801.396700 -9.587800 -0.005300 1523.957300 0.015700 1500.000000 0.020800 #map
0.849998 816.473700 -9.623000 -0.005100 1507.598300 0.027600 1500.000000 0.020400 #map
0.860001 831.540900 -9.735100 -0.005300 1506.658900 -0.021400 1500.000000 0.020800 #map
0.869999 846.509500 -9.872600 -0.005100 1496.834800 0.021300 1500.000000 0.020400 #map
0.880001 861.326700 -10.070300 -0.004700 1481.753300 0.039100 1500.000000 0.019600 #map
0.889999 876.414900 -10.273400 -0.004400 1508.841300 0.033200 1500.000000 0.018900 #map
0.899998 891.937000 -10.336100 -0.003800 1552.132600 0.059500 1500.000000 0.017600 #map
0.910000 906.997100 -10.360500 -0.003600 1505.898400 0.019600 1500.000000 0.017100 #map
0.919998 922.014700 -10.527700 -0.003200 1501.762500 0.044400 1500.000000 0.016100 #map
0.930000 937.158500 -10.570900 -0.002600 1514.271100 0.059100 1500.000000 0.014500 #map
0.939999 952.446400 -10.640200 -0.002200 1528.704100 0.038000 1500.000000 0.013300 #map
0.950001 967.636200 -10.706400 -0.001800 1518.882800 0.036300 1500.000000 0.012000 #map
0.959999 982.937800 -10.827600 -0.001800 1530.110700 0.000000 1500.000000 0.012000 #map
0.969997 998.276400 -10.846200 -0.001200 1533.752900 0.061900 1500.000000 0.009800 #map
0.980000 1013.268200 -10.830600 -0.000400 1499.078600 0.076500 1500.000000 0.005700 #map
0.989998 1028.287800 -10.855700 0.000100 1501.869600 0.045100 1500.000000 -0.002800 #map
1.000000 1043.670800 -10.885400 0.000400 1538.185300 0.038200 1500.000000 -0.005700 #map
1.009998 1058.616900 -10.768400 0.000500 1494.552100 0.010400 1500.000000 -0.006300 #map
1.020000 1073.540900 -10.854100 0.000500 1492.331700 0.000000 1500.000000 -0.006300 #map
1.029999 1089.193800 -10.699500 0.000800 1565.257200 0.032000 1500.000000 -0.008000 #map
1.040001 1104.270300 -10.360600 0.001100 1507.931200 0.027500 1500.000000 -0.009400 #map
1.049999 1119.320700 -10.412500 0.001300 1504.950200 0.015000 1500.000000 -0.010200 #map
1.059998 1134.622400 -10.206100 0.001300 1530.196500 0.000000 1500.000000 -0.010200 #map
1.070000 1149.773500 -10.043800 0.001000 1515.093000 -0.026500 1500.000000 -0.009000 #map
1.079998 1164.865500 -9.931700 0.000500 1509.141100 -0.054400 1500.000000 -0.006300 #map
1.090000 1180.149400 -9.919000 0.000000 1528.287800 -0.053000 1500.000000 0.000000 #map
1.099998 1195.327400 -9.755900 -0.000200 1517.794300 -0.013800 1500.000000 0.004000 #map
1.110001 1210.157000 -9.478500 -0.000200 1483.122700 0.000000 1500.000000 0.004000 #map
1.119999 1225.081100 -9.388100 -0.000200 1492.331700 0.000000 1500.000000 0.004000 #map
1.130001 1240.005100 -9.484800 -0.000200 1492.331700 0.000000 1500.000000 0.004000 #map
1.139999 1254.858500 -9.356100 -0.000500 1485.297900 -0.033300 1500.000000 0.006300 #map
1.149998 1270.160300 -9.344800 -0.001000 1530.075000 -0.044600 1500.000000 0.009000 #map
1.160000 1285.168400 -9.254500 -0.001500 1500.731300 -0.049500 1500.000000 0.011000 #map
1.169998 1300.311800 -9.233500 -0.001800 1514.233900 -0.030200 1500.000000 0.012000 #map
1.180000 1315.357400 -9.332600 -0.001700 1504.500100 0.012900 1500.000000 0.011700 #map
1.189999 1330.565100 -9.170800 -0.001700 1520.752300 0.000000 1500.000000 0.011700 #map
1.200001 1345.772700 -9.102500 -0.001700 1520.666000 0.000000 1500.000000 0.011700 #map
1.209999 1360.790900 -9.220900 -0.001700 1501.776400 0.000000 1500.000000 0.011700 #map
1.219997 1375.683800 -9.196200 -0.001400 1489.194200 0.029900 1500.000000 0.010600 #map
1.230000 1390.817500 -9.220400 -0.000900 1513.264000 0.054300 1500.000000 0.008500 #map
1.239998 1405.699300 -9.285300 -0.000500 1488.097000 0.024700 1500.000000 0.006300 #map
1.250000 1420.867700 -9.322900 -0.000700 1516.736100 -0.018400 1500.000000 0.007500 #map
1.259998 1435.886300 -9.145600 -0.000700 1501.863800 0.000000 1500.000000 0.007500 #map
1.270000 1450.899900 -9.179000 -0.000300 1501.251000 0.042200 1500.000000 0.004900 #map
1.279999 1466.109400 -9.013500 0.000200 1520.944800 0.045600 1500.000000 -0.004000 #map
1.290001 1481.403800 -8.942200 0.000600 1529.350500 0.041000 1500.000000 -0.006900 #map
1.299999 1496.737300 -8.907700 0.000700 1533.257700 0.015000 1500.000000 -0.007500 #map
1.309998 1511.944800 -8.989300 0.000700 1520.666000 0.000000 1500.000000 -0.007500 #map
1.320000 1527.246600 -8.790300 0.000700 1530.196500 0.000000 1500.000000 -0.007500 #map
1.329998 1542.584200 -8.376000 0.000900 1534.228100 0.017100 1500.000000 -0.008500 #map
1.340000 1557.635500 -8.336000 0.001100 1505.021400 0.015400 1500.000000 -0.009400 #map
1.349998 1572.998600 -8.157800 0.000900 1536.311800 -0.015600 1500.000000 -0.008500 #map
1.360001 1588.032000 -7.925000 0.000500 1503.416900 -0.037400 1500.000000 -0.006300 #map
1.369999 1603.015000 -7.830700 -0.000100 1498.226600 -0.061300 1500.000000 0.002800 #map
1.380001 1617.785300 -7.670600 -0.000800 1477.019400 -0.072500 1500.000000 0.008000 #map
1.389999 1632.901800 -7.659500 -0.001200 1511.550800 -0.042900 1500.000000 0.009800 #map
1.399998 1648.257600 -7.616000 -0.001400 1535.483500 -0.019100 1500.000000 0.010600 #map
1.410000 1663.053900 -7.288800 -0.001600 1479.885900 -0.016000 1500.000000 0.011400 #map
1.419998 1678.235200 -7.706100 -0.001700 1518.593900 -0.012000 1500.000000 0.011700 #map
1.430000 1693.387400 -7.587500 -0.002000 1515.167700 -0.026100 1500.000000 0.012700 #map
1.439999 1708.405800 -7.616300 -0.002000 1501.747300 0.000000 1500.000000 0.012700 #map
1.450001 1723.802300 -8.933000 -0.002400 1545.156100 -0.043200 1500.000000 0.013900 #map
1.459999 1738.589800 -9.820400 -0.003000 1481.324300 -0.063200 1500.000000 0.015600 #map
1.469997 1754.081900 -9.399100 -0.003000 1549.677500 0.000000 1500.000000 0.015600 #map
1.480000 1769.193100 -10.005300 -0.003000 1512.233300 0.000000 1500.000000 0.015600 #map
1.489998 1784.072500 -9.731000 -0.002800 1488.090000 0.023100 1500.000000 0.015100 #map
1.500000 1799.184400 -10.146700 -0.002800 1511.655000 0.000000 1500.000000 0.015100 #map
1.509998 1813.992500 -9.944000 -0.002500 1480.842400 0.034100 1500.000000 0.014200 #map
1.520000 1829.264600 -10.023800 -0.002200 1527.123500 0.030600 1500.000000 0.013300 #map
1.529999 1844.442400 -9.725100 -0.001900 1517.967700 0.030300 1500.000000 0.012400 #map
1.540001 1859.319100 -9.715100 -0.001700 1487.572800 0.022200 1500.000000 0.011700 #map
1.549999 1874.621200 -9.645800 -0.001700 1530.110700 0.000000 1500.000000 0.011700 #map
1.559998 1889.737900 -9.499600 -0.001200 1511.644500 0.046300 1500.000000 0.009800 #map
1.570000 1904.497700 -9.610100 -0.000600 1475.928800 0.056300 1500.000000 0.006900 #map
1.579998 1920.003400 -9.533300 -0.000100 1550.479200 0.051600 1500.000000 0.002800 #map
1.590000 1935.114400 -9.461800 0.000300 1511.004000 0.043600 1500.000000 -0.004900 #map
1.599998 1950.273000 -9.420100 0.000500 1515.773900 0.021600 1500.000000 -0.006300 #map
1.610001 1965.246100 -9.372500 0.000900 1497.213000 0.023100 1500.000000 -0.008500 #map
1.619999 1980.531100 -9.297600 0.001300 1528.414700 0.036600 1500.000000 -0.010200 #map
1.630001 1995.537000 -9.026800 0.001700 1500.726100 0.038800 1500.000000 -0.011700 #map
1.639999 2010.120600 -8.972800 0.001900 1458.271400 0.017700 1500.000000 -0.011700 #map

